<?xml version="1.0" encoding="UTF-8"?>
<testsuite name="dev.shop.shop.cart.entity.CartTest" tests="1" skipped="0" failures="0" errors="0" timestamp="2023-06-01T11:29:49" hostname="DESKTOP-C3U7DVR" time="0.385">
  <properties/>
  <testcase name="cart test" classname="dev.shop.shop.cart.entity.CartTest" time="0.385"/>
  <system-out><![CDATA[20:29:40.880 [Test worker] DEBUG org.springframework.test.context.BootstrapUtils - Instantiating CacheAwareContextLoaderDelegate from class [org.springframework.test.context.cache.DefaultCacheAwareContextLoaderDelegate]
20:29:40.894 [Test worker] DEBUG org.springframework.test.context.BootstrapUtils - Instantiating BootstrapContext using constructor [public org.springframework.test.context.support.DefaultBootstrapContext(java.lang.Class,org.springframework.test.context.CacheAwareContextLoaderDelegate)]
20:29:40.944 [Test worker] DEBUG org.springframework.test.context.BootstrapUtils - Instantiating TestContextBootstrapper for test class [dev.shop.shop.cart.entity.CartTest] from class [org.springframework.boot.test.context.SpringBootTestContextBootstrapper]
20:29:40.960 [Test worker] INFO org.springframework.boot.test.context.SpringBootTestContextBootstrapper - Neither @ContextConfiguration nor @ContextHierarchy found for test class [dev.shop.shop.cart.entity.CartTest], using SpringBootContextLoader
20:29:40.967 [Test worker] DEBUG org.springframework.test.context.support.AbstractContextLoader - Did not detect default resource location for test class [dev.shop.shop.cart.entity.CartTest]: class path resource [dev/shop/shop/cart/entity/CartTest-context.xml] does not exist
20:29:40.968 [Test worker] DEBUG org.springframework.test.context.support.AbstractContextLoader - Did not detect default resource location for test class [dev.shop.shop.cart.entity.CartTest]: class path resource [dev/shop/shop/cart/entity/CartTestContext.groovy] does not exist
20:29:40.969 [Test worker] INFO org.springframework.test.context.support.AbstractContextLoader - Could not detect default resource locations for test class [dev.shop.shop.cart.entity.CartTest]: no resource found for suffixes {-context.xml, Context.groovy}.
20:29:40.970 [Test worker] INFO org.springframework.test.context.support.AnnotationConfigContextLoaderUtils - Could not detect default configuration classes for test class [dev.shop.shop.cart.entity.CartTest]: CartTest does not declare any static, non-private, non-final, nested classes annotated with @Configuration.
20:29:41.044 [Test worker] DEBUG org.springframework.test.context.support.ActiveProfilesUtils - Could not find an 'annotation declaring class' for annotation type [org.springframework.test.context.ActiveProfiles] and class [dev.shop.shop.cart.entity.CartTest]
20:29:41.152 [Test worker] DEBUG org.springframework.context.annotation.ClassPathScanningCandidateComponentProvider - Identified candidate component class: file [C:\Users\gyuho\Downloads\shop\shop\build\classes\java\main\dev\shop\shop\ShopApplication.class]
20:29:41.154 [Test worker] INFO org.springframework.boot.test.context.SpringBootTestContextBootstrapper - Found @SpringBootConfiguration dev.shop.shop.ShopApplication for test class dev.shop.shop.cart.entity.CartTest
20:29:41.321 [Test worker] DEBUG org.springframework.boot.test.context.SpringBootTestContextBootstrapper - @TestExecutionListeners is not present for class [dev.shop.shop.cart.entity.CartTest]: using defaults.
20:29:41.322 [Test worker] INFO org.springframework.boot.test.context.SpringBootTestContextBootstrapper - Loaded default TestExecutionListener class names from location [META-INF/spring.factories]: [org.springframework.boot.test.autoconfigure.restdocs.RestDocsTestExecutionListener, org.springframework.boot.test.autoconfigure.web.client.MockRestServiceServerResetTestExecutionListener, org.springframework.boot.test.autoconfigure.web.servlet.MockMvcPrintOnlyOnFailureTestExecutionListener, org.springframework.boot.test.autoconfigure.web.servlet.WebDriverTestExecutionListener, org.springframework.boot.test.autoconfigure.webservices.client.MockWebServiceServerTestExecutionListener, org.springframework.boot.test.mock.mockito.MockitoTestExecutionListener, org.springframework.boot.test.mock.mockito.ResetMocksTestExecutionListener, org.springframework.test.context.web.ServletTestExecutionListener, org.springframework.test.context.support.DirtiesContextBeforeModesTestExecutionListener, org.springframework.test.context.event.ApplicationEventsTestExecutionListener, org.springframework.test.context.support.DependencyInjectionTestExecutionListener, org.springframework.test.context.support.DirtiesContextTestExecutionListener, org.springframework.test.context.transaction.TransactionalTestExecutionListener, org.springframework.test.context.jdbc.SqlScriptsTestExecutionListener, org.springframework.test.context.event.EventPublishingTestExecutionListener]
20:29:41.343 [Test worker] INFO org.springframework.boot.test.context.SpringBootTestContextBootstrapper - Using TestExecutionListeners: [org.springframework.test.context.web.ServletTestExecutionListener@26f143ed, org.springframework.test.context.support.DirtiesContextBeforeModesTestExecutionListener@3c1e3314, org.springframework.test.context.event.ApplicationEventsTestExecutionListener@4b770e40, org.springframework.boot.test.mock.mockito.MockitoTestExecutionListener@78e16155, org.springframework.boot.test.autoconfigure.SpringBootDependencyInjectionTestExecutionListener@54a3ab8f, org.springframework.test.context.support.DirtiesContextTestExecutionListener@1968a49c, org.springframework.test.context.transaction.TransactionalTestExecutionListener@6a1ebcff, org.springframework.test.context.jdbc.SqlScriptsTestExecutionListener@19868320, org.springframework.test.context.event.EventPublishingTestExecutionListener@50b0bc4c, org.springframework.boot.test.autoconfigure.restdocs.RestDocsTestExecutionListener@c20be82, org.springframework.boot.test.autoconfigure.web.client.MockRestServiceServerResetTestExecutionListener@13c612bd, org.springframework.boot.test.autoconfigure.web.servlet.MockMvcPrintOnlyOnFailureTestExecutionListener@3ef41c66, org.springframework.boot.test.autoconfigure.web.servlet.WebDriverTestExecutionListener@6b739528, org.springframework.boot.test.autoconfigure.webservices.client.MockWebServiceServerTestExecutionListener@622ef26a, org.springframework.boot.test.mock.mockito.ResetMocksTestExecutionListener@41de5768]
20:29:41.347 [Test worker] DEBUG org.springframework.test.context.support.AbstractDirtiesContextTestExecutionListener - Before test class: context [DefaultTestContext@3fc08eec testClass = CartTest, testInstance = [null], testMethod = [null], testException = [null], mergedContextConfiguration = [WebMergedContextConfiguration@5cad8b7d testClass = CartTest, locations = '{}', classes = '{class dev.shop.shop.ShopApplication}', contextInitializerClasses = '[]', activeProfiles = '{}', propertySourceLocations = '{}', propertySourceProperties = '{org.springframework.boot.test.context.SpringBootTestContextBootstrapper=true}', contextCustomizers = set[org.springframework.boot.test.autoconfigure.actuate.metrics.MetricsExportContextCustomizerFactory$DisableMetricExportContextCustomizer@41813449, org.springframework.boot.test.autoconfigure.properties.PropertyMappingContextCustomizer@0, org.springframework.boot.test.autoconfigure.web.servlet.WebDriverContextCustomizerFactory$Customizer@5bfa8cc5, org.springframework.boot.test.context.filter.ExcludeFilterContextCustomizer@3b220bcb, org.springframework.boot.test.json.DuplicateJsonObjectContextCustomizerFactory$DuplicateJsonObjectContextCustomizer@12bfd80d, org.springframework.boot.test.mock.mockito.MockitoContextCustomizer@0, org.springframework.boot.test.web.client.TestRestTemplateContextCustomizer@60f7cc1d, org.springframework.boot.test.context.SpringBootTestArgs@1, org.springframework.boot.test.context.SpringBootTestWebEnvironment@1df8b5b8], resourceBasePath = 'src/main/webapp', contextLoader = 'org.springframework.boot.test.context.SpringBootContextLoader', parent = [null]], attributes = map['org.springframework.test.context.web.ServletTestExecutionListener.activateListener' -> true]], class annotated with @DirtiesContext [false] with mode [null].

  .   ____          _            __ _ _
 /\\ / ___'_ __ _ _(_)_ __  __ _ \ \ \ \
( ( )\___ | '_ | '_| | '_ \/ _` | \ \ \ \
 \\/  ___)| |_)| | | | | || (_| |  ) ) ) )
  '  |____| .__|_| |_|_| |_\__, | / / / /
 =========|_|==============|___/=/_/_/_/
 :: Spring Boot ::               (v2.7.12)

2023-06-01 20:29:41.973  INFO 3932 --- [    Test worker] dev.shop.shop.cart.entity.CartTest       : Starting CartTest using Java 11.0.19 on DESKTOP-C3U7DVR with PID 3932 (started by gyuho in C:\Users\gyuho\Downloads\shop\shop)
2023-06-01 20:29:41.976  INFO 3932 --- [    Test worker] dev.shop.shop.cart.entity.CartTest       : No active profile set, falling back to 1 default profile: "default"
2023-06-01 20:29:43.671  INFO 3932 --- [    Test worker] .s.d.r.c.RepositoryConfigurationDelegate : Bootstrapping Spring Data JPA repositories in DEFAULT mode.
2023-06-01 20:29:43.783  INFO 3932 --- [    Test worker] .s.d.r.c.RepositoryConfigurationDelegate : Finished Spring Data repository scanning in 99 ms. Found 3 JPA repository interfaces.
2023-06-01 20:29:44.617  INFO 3932 --- [    Test worker] o.hibernate.jpa.internal.util.LogHelper  : HHH000204: Processing PersistenceUnitInfo [name: default]
2023-06-01 20:29:44.742  INFO 3932 --- [    Test worker] org.hibernate.Version                    : HHH000412: Hibernate ORM core version 5.6.15.Final
2023-06-01 20:29:45.096  INFO 3932 --- [    Test worker] o.hibernate.annotations.common.Version   : HCANN000001: Hibernate Commons Annotations {5.1.2.Final}
2023-06-01 20:29:45.298  INFO 3932 --- [    Test worker] com.zaxxer.hikari.HikariDataSource       : HikariPool-1 - Starting...
2023-06-01 20:29:45.624  INFO 3932 --- [    Test worker] com.zaxxer.hikari.HikariDataSource       : HikariPool-1 - Start completed.
2023-06-01 20:29:45.665  INFO 3932 --- [    Test worker] org.hibernate.dialect.Dialect            : HHH000400: Using dialect: org.hibernate.dialect.MySQL55Dialect
Hibernate: 
    
    alter table cart 
       drop 
       foreign key FKix170nytunweovf2v9137mx2o
Hibernate: 
    
    drop table if exists cart
Hibernate: 
    
    drop table if exists hibernate_sequence
Hibernate: 
    
    drop table if exists item
Hibernate: 
    
    drop table if exists member
Hibernate: 
    
    create table cart (
       id bigint not null,
        member_id bigint,
        primary key (id)
    ) engine=InnoDB
Hibernate: 
    
    create table hibernate_sequence (
       next_val bigint
    ) engine=InnoDB
Hibernate: 
    
    insert into hibernate_sequence values ( 1 )
Hibernate: 
    
    create table item (
       item_id bigint not null,
        item_detail longtext not null,
        item_nm varchar(50) not null,
        item_sell_status varchar(255),
        price integer not null,
        reg_time datetime,
        stock_number integer not null,
        update_time datetime,
        primary key (item_id)
    ) engine=InnoDB
Hibernate: 
    
    create table member (
       member_id bigint not null,
        primary key (member_id)
    ) engine=InnoDB
Hibernate: 
    
    alter table cart 
       add constraint FKix170nytunweovf2v9137mx2o 
       foreign key (member_id) 
       references member (member_id)
2023-06-01 20:29:47.072  INFO 3932 --- [    Test worker] o.h.e.t.j.p.i.JtaPlatformInitiator       : HHH000490: Using JtaPlatform implementation: [org.hibernate.engine.transaction.jta.platform.internal.NoJtaPlatform]
2023-06-01 20:29:47.089  INFO 3932 --- [    Test worker] j.LocalContainerEntityManagerFactoryBean : Initialized JPA EntityManagerFactory for persistence unit 'default'
2023-06-01 20:29:47.433  WARN 3932 --- [    Test worker] JpaBaseConfiguration$JpaWebConfiguration : spring.jpa.open-in-view is enabled by default. Therefore, database queries may be performed during view rendering. Explicitly configure spring.jpa.open-in-view to disable this warning
2023-06-01 20:29:48.982  INFO 3932 --- [    Test worker] dev.shop.shop.cart.entity.CartTest       : Started CartTest in 7.591 seconds (JVM running for 9.809)
Hibernate: 
    select
        next_val as id_val 
    from
        hibernate_sequence for update
            
Hibernate: 
    update
        hibernate_sequence 
    set
        next_val= ? 
    where
        next_val=?
Hibernate: 
    insert 
    into
        member
        (member_id) 
    values
        (?)
2023-06-01 20:29:49.319 TRACE 3932 --- [    Test worker] o.h.type.descriptor.sql.BasicBinder      : binding parameter [1] as [BIGINT] - [1]
Hibernate: 
    select
        next_val as id_val 
    from
        hibernate_sequence for update
            
Hibernate: 
    update
        hibernate_sequence 
    set
        next_val= ? 
    where
        next_val=?
Hibernate: 
    insert 
    into
        cart
        (member_id, id) 
    values
        (?, ?)
2023-06-01 20:29:49.365 TRACE 3932 --- [    Test worker] o.h.type.descriptor.sql.BasicBinder      : binding parameter [1] as [BIGINT] - [1]
2023-06-01 20:29:49.366 TRACE 3932 --- [    Test worker] o.h.type.descriptor.sql.BasicBinder      : binding parameter [2] as [BIGINT] - [2]
]]></system-out>
  <system-err><![CDATA[]]></system-err>
</testsuite>
